<?xml version="1.0" encoding="UTF-8"?>
<!-- Generated by org.testng.reporters.JUnitXMLReporter -->
<testsuite ignored="5" hostname="Saranya" failures="0" tests="6" name="User API Tests" time="8.517" errors="0" timestamp="2024-05-20T22:22:45 EDT">
  <testcase classname="response.GetUsers" name="testGetUsers" time="4.033"/>
  <testcase classname="response.PostResponse" name="testCreateUser" time="1.42"/>
  <testcase classname="response.GetUserByUserId" name="testGetUserById" time="0.55"/>
  <testcase classname="response.GetUserByFristname" name="testGetUserByFirstname" time="0.535"/>
  <testcase classname="response.UpdateUser" name="testUpdateUser" time="0.724"/>
  <testcase classname="response.DeleteByUserId" name="testDeleteUser" time="1.125"/>
  <testcase classname="response.Login" name="@BeforeSuite login" time="0.0">
    <ignored/>
  </testcase> <!-- @BeforeSuite login -->
  <testcase classname="response.Login" name="@BeforeSuite login" time="0.0">
    <ignored/>
  </testcase> <!-- @BeforeSuite login -->
  <testcase classname="response.Login" name="@BeforeSuite login" time="0.0">
    <ignored/>
  </testcase> <!-- @BeforeSuite login -->
  <testcase classname="response.Login" name="@BeforeSuite login" time="0.0">
    <ignored/>
  </testcase> <!-- @BeforeSuite login -->
  <testcase classname="response.Login" name="@BeforeSuite login" time="0.0">
    <ignored/>
  </testcase> <!-- @BeforeSuite login -->
</testsuite> <!-- User API Tests -->
