<?xml version="1.0" encoding="UTF-8"?>
<!-- Generated by org.testng.reporters.JUnitXMLReporter -->
<testsuite ignored="0" hostname="Saranya" failures="0" tests="3" name="Default test" time="6.042" errors="0" timestamp="2024-05-22T19:15:41 EDT">
  <testcase classname="response.GetUsers" name="testGetUsers" time="4.103"/>
  <testcase classname="response.GetUsers" name="testGetUsersWithoutAuth" time="0.229"/>
  <testcase classname="response.GetUsers" name="testGetUserscookies" time="1.586"/>
</testsuite> <!-- Default test -->
