<?xml version="1.0" encoding="UTF-8"?>
<testng-results ignored="0" total="3" passed="3" failed="0" skipped="0">
  <reporter-output>
  </reporter-output>
  <suite started-at="2024-05-22T19:15:35 EDT" name="Default suite" finished-at="2024-05-22T19:15:41 EDT" duration-ms="6042">
    <groups>
    </groups>
    <test started-at="2024-05-22T19:15:35 EDT" name="Default test" finished-at="2024-05-22T19:15:41 EDT" duration-ms="6042">
      <class name="response.GetUsers">
        <test-method is-config="true" signature="login()[pri:0, instance:response.GetUsers@533bda92]" started-at="2024-05-22T19:15:34 EDT" name="login" finished-at="2024-05-22T19:15:35 EDT" duration-ms="330" status="PASS">
          <reporter-output>
          </reporter-output>
        </test-method> <!-- login -->
        <test-method signature="testGetUsers()[pri:0, instance:response.GetUsers@533bda92]" started-at="2024-05-22T19:15:35 EDT" name="testGetUsers" finished-at="2024-05-22T19:15:39 EDT" duration-ms="4103" status="PASS">
          <reporter-output>
          </reporter-output>
        </test-method> <!-- testGetUsers -->
        <test-method signature="testGetUsersWithoutAuth()[pri:0, instance:response.GetUsers@533bda92]" started-at="2024-05-22T19:15:39 EDT" name="testGetUsersWithoutAuth" finished-at="2024-05-22T19:15:39 EDT" duration-ms="229" status="PASS">
          <reporter-output>
          </reporter-output>
        </test-method> <!-- testGetUsersWithoutAuth -->
        <test-method signature="testGetUserscookies()[pri:0, instance:response.GetUsers@533bda92]" started-at="2024-05-22T19:15:39 EDT" name="testGetUserscookies" finished-at="2024-05-22T19:15:41 EDT" duration-ms="1586" status="PASS">
          <reporter-output>
          </reporter-output>
        </test-method> <!-- testGetUserscookies -->
      </class> <!-- response.GetUsers -->
    </test> <!-- Default test -->
  </suite> <!-- Default suite -->
</testng-results>
